<?xml version="1.0" encoding="UTF-8"?>
<testsuite xmlns:xsi="http://www.w3.org/2001/XMLSchema-instance" xsi:noNamespaceSchemaLocation="https://maven.apache.org/surefire/maven-surefire-plugin/xsd/surefire-test-report-3.0.xsd" version="3.0" name="SecurityServiceTest" time="2.173" tests="15" errors="0" skipped="0" failures="0">
  <properties>
[...]
</properties>
  <testcase name="ifASensorIsDeactivatedWhileAlreadyInactive_makeNoChangesToTheAlarmState(AlarmStatus)[1]" classname="SecurityServiceTest" time="1.621"/>
  <testcase name="ifASensorIsDeactivatedWhileAlreadyInactive_makeNoChangesToTheAlarmState(AlarmStatus)[2]" classname="SecurityServiceTest" time="0.009"/>
  <testcase name="ifASensorIsDeactivatedWhileAlreadyInactive_makeNoChangesToTheAlarmState(AlarmStatus)[3]" classname="SecurityServiceTest" time="0.006"/>
  <testcase name="ifPendingAlarmAndAllSensorsAreInactive_returnNoAlarmState" classname="SecurityServiceTest" time="0.021"/>
  <testcase name="ifTheSystemIsArmedHomeWhileTheCameraShowsACat_setTheAlarmStatusToAlarm" classname="SecurityServiceTest" time="0.018"/>
  <testcase name="ifTheImageServiceIdentifiesImageThatDoesNotContainCat_changeTheStatusToNoAlarmAsLongAsTheSensorsAreNotActive" classname="SecurityServiceTest" time="0.177"/>
  <testcase name="ifTheSystemIsDisarmed_setTheStatusToNoAlarm" classname="SecurityServiceTest" time="0.013"/>
  <testcase name="ifImageServiceIdentifiesCatWhileSystemIsArmedHome_putSystemIntoAlarmStatus" classname="SecurityServiceTest" time="0.011"/>
  <testcase name="ifTheSystemIsArmed_resetAllAlarmStatusToInactive(ArmingStatus)[1]" classname="SecurityServiceTest" time="0.015"/>
  <testcase name="ifTheSystemIsArmed_resetAllAlarmStatusToInactive(ArmingStatus)[2]" classname="SecurityServiceTest" time="0.007"/>
  <testcase name="ifASensorIsActivatedWhileAlreadyActiveAndTheSystemIsInPendingState_changeToAlarmState" classname="SecurityServiceTest" time="0.008"/>
  <testcase name="ifAlarmIsActiveChangeInSensorStateShould_notAffectTheAlarmState(boolean)[1]" classname="SecurityServiceTest" time="0.01"/>
  <testcase name="ifAlarmIsActiveChangeInSensorStateShould_notAffectTheAlarmState(boolean)[2]" classname="SecurityServiceTest" time="0.009"/>
  <testcase name="ifAlarmIsArmedAndASensorBecomesActivatedAndTheSystemIsAlreadyPending_setAlarmStatusToAlarm" classname="SecurityServiceTest" time="0.008"/>
  <testcase name="ifAlarmIsArmedAndASensorBecomesActivated_putTheSystemIntoPendingAlarmStatus" classname="SecurityServiceTest" time="0.007"/>
</testsuite>